<?xml version="1.0" encoding="UTF-8"?>
<!-- Generated by org.testng.reporters.JUnitXMLReporter -->
<testsuite ignored="0" hostname="LAPTOP-PTSLO3OM" failures="1" tests="2" name="Error Validations" time="116.33" errors="0" timestamp="2024-03-21T15:58:13 IST">
  <testcase classname="datadriven.AutomationFrameworkTesting.ErrorValidations" name="submitOrder1" time="14.357">
    <skipped/>
  </testcase> <!-- submitOrder1 -->
  <testcase classname="datadriven.AutomationFrameworkTesting.ErrorValidations" name="submitOrder1" time="1.674">
    <failure type="java.lang.AssertionError" message="expected [Incorrect email or password.] but found [Login Successfully]">
      <![CDATA[java.lang.AssertionError: expected [Incorrect email or password.] but found [Login Successfully]
at datadriven.AutomationFrameworkTesting.ErrorValidations.submitOrder1(ErrorValidations.java:18)
at java.base/java.util.ArrayList.forEach(ArrayList.java:1511)
... Removed 33 stack frames]]>
    </failure>
  </testcase> <!-- submitOrder1 -->
</testsuite> <!-- Error Validations -->
