<?xml version="1.0" encoding="UTF-8"?>
<!-- Generated by org.testng.reporters.JUnitXMLReporter -->
<testsuite ignored="2" hostname="LAPTOP-PTSLO3OM" failures="0" tests="0" time="0.026" errors="0" timestamp="2024-03-21T15:56:15 IST">
  <testcase classname="datadriven.AutomationFrameworkTesting.StandAloneTest" name="orderHistory" time="0.0">
    <ignored/>
  </testcase> <!-- orderHistory -->
  <testcase classname="datadriven.AutomationFrameworkTesting.StandAloneTest" name="submitOrder" time="0.0">
    <ignored/>
  </testcase> <!-- submitOrder -->
</testsuite>
